<?xml version="1.0" encoding="UTF-8"?>
<!-- Generated by org.testng.reporters.JUnitXMLReporter -->
<testsuite ignored="0" hostname="LAPTOP-46IJN35K" failures="0" tests="5" name="Default test" time="24.162" errors="0" timestamp="2024-02-18T21:52:59 IST">
  <testcase classname="TestCase16.loginplaceOrder" name="Valid" time="4.472"/>
  <testcase classname="TestCase16.loginplaceOrder" name="AddtoCart" time="5.315"/>
  <testcase classname="TestCase16.loginplaceOrder" name="checkout" time="1.936"/>
  <testcase classname="TestCase16.loginplaceOrder" name="payment" time="2.507"/>
  <testcase classname="TestCase16.loginplaceOrder" name="deleteAccount" time="3.524"/>
</testsuite> <!-- Default test -->
