<?xml version="1.0" encoding="UTF-8"?>
<testng-results ignored="0" total="2" passed="2" failed="0" skipped="0">
  <reporter-output>
  </reporter-output>
  <suite started-at="2024-02-17T22:16:33 IST" name="Default suite" finished-at="2024-02-17T22:16:46 IST" duration-ms="13137">
    <groups>
    </groups>
    <test started-at="2024-02-17T22:16:33 IST" name="Default test" finished-at="2024-02-17T22:16:46 IST" duration-ms="13137">
      <class name="TestCase13.quantity">
        <test-method is-config="true" signature="initilize()[pri:0, instance:TestCase13.quantity@304bb45b]" started-at="2024-02-17T22:16:33 IST" name="initilize" finished-at="2024-02-17T22:16:41 IST" duration-ms="8447" status="PASS">
          <reporter-output>
          </reporter-output>
        </test-method> <!-- initilize -->
        <test-method signature="homePage()[pri:0, instance:TestCase13.quantity@304bb45b]" started-at="2024-02-17T22:16:41 IST" name="homePage" finished-at="2024-02-17T22:16:41 IST" duration-ms="13" status="PASS">
          <reporter-output>
          </reporter-output>
        </test-method> <!-- homePage -->
        <test-method signature="quantity_cart()[pri:0, instance:TestCase13.quantity@304bb45b]" started-at="2024-02-17T22:16:41 IST" name="quantity_cart" finished-at="2024-02-17T22:16:46 IST" duration-ms="4641" status="PASS">
          <reporter-output>
          </reporter-output>
        </test-method> <!-- quantity_cart -->
      </class> <!-- TestCase13.quantity -->
    </test> <!-- Default test -->
  </suite> <!-- Default suite -->
</testng-results>
