<?xml version="1.0" encoding="UTF-8"?>
<testng-results ignored="0" total="1" passed="1" failed="0" skipped="0">
  <reporter-output>
  </reporter-output>
  <suite started-at="2024-02-14T22:32:21 IST" name="Default suite" finished-at="2024-02-14T22:32:31 IST" duration-ms="9984">
    <groups>
    </groups>
    <test started-at="2024-02-14T22:32:21 IST" name="Default test" finished-at="2024-02-14T22:32:31 IST" duration-ms="9984">
      <class name="TestCase4.Logout">
        <test-method is-config="true" signature="initilize()[pri:0, instance:TestCase4.Logout@723ca036]" started-at="2024-02-14T22:32:22 IST" name="initilize" finished-at="2024-02-14T22:32:26 IST" duration-ms="4474" status="PASS">
          <reporter-output>
          </reporter-output>
        </test-method> <!-- initilize -->
        <test-method signature="Valid()[pri:0, instance:TestCase4.Logout@723ca036]" started-at="2024-02-14T22:32:26 IST" name="Valid" finished-at="2024-02-14T22:32:31 IST" duration-ms="5334" status="PASS">
          <reporter-output>
          </reporter-output>
        </test-method> <!-- Valid -->
        <test-method is-config="true" signature="close()[pri:0, instance:TestCase4.Logout@723ca036]" started-at="2024-02-14T22:32:31 IST" name="close" finished-at="2024-02-14T22:32:31 IST" duration-ms="134" status="PASS">
          <reporter-output>
          </reporter-output>
        </test-method> <!-- close -->
      </class> <!-- TestCase4.Logout -->
    </test> <!-- Default test -->
  </suite> <!-- Default suite -->
</testng-results>
